[32m 2020-05-15 17:01:53,585 record_log.py[line:56)] INFO: english[0m
[32m 2020-05-15 17:02:03,390 record_log.py[line:56)] INFO: ä¸­æ–‡[0m
[31m 2020-05-18 10:37:39,541 read_config.py[line:33)] ERROR: 0[0m
[32m 2020-05-18 11:57:10,291 link_mysql.py[line:27)] INFO: <pymysql.cursors.Cursor object at 0x0000018C348C64C0>[0m
[32m 2020-05-18 11:57:42,394 link_mysql.py[line:27)] INFO: é“¾æ¥æ•°æ®åº“æˆåŠŸ[0m
[32m 2020-05-18 11:57:49,859 link_mysql.py[line:27)] INFO: é“¾æ¥æ•°æ®åº“æˆåŠŸ[0m
[32m 2020-05-18 14:20:34,025 link_mysql.py[line:27)] INFO: é“¾æ¥æ•°æ®åº“æˆåŠŸ[0m
[32m 2020-05-18 14:20:55,326 link_mysql.py[line:27)] INFO: é“¾æ¥æ•°æ®åº“æˆåŠŸ[0m
[32m 2020-05-18 14:21:22,763 link_mysql.py[line:27)] INFO: é“¾æ¥æ•°æ®åº“æˆåŠŸ[0m
[32m 2020-05-18 14:21:45,631 link_mysql.py[line:27)] INFO: é“¾æ¥æ•°æ®åº“æˆåŠŸ[0m
[32m 2020-05-18 14:30:29,081 link_mysql.py[line:27)] INFO: é“¾æ¥æ•°æ®åº“æˆåŠŸ[0m
[32m 2020-05-18 14:30:37,194 link_mysql.py[line:27)] INFO: é“¾æ¥æ•°æ®åº“æˆåŠŸ[0m
[32m 2020-05-18 14:36:27,886 link_mysql.py[line:27)] INFO: é“¾æ¥æ•°æ®åº“æˆåŠŸ[0m
[32m 2020-05-18 14:37:36,762 link_mysql.py[line:27)] INFO: é“¾æ¥æ•°æ®åº“æˆåŠŸ[0m
[32m 2020-05-18 14:37:36,772 link_mysql.py[line:45)] INFO: æˆåŠŸæ’å…¥æ•°æ®[0m
[32m 2020-05-18 14:47:11,516 link_mysql.py[line:27)] INFO: é“¾æ¥æ•°æ®åº“æˆåŠŸ[0m
[32m 2020-05-18 14:47:38,382 link_mysql.py[line:27)] INFO: é“¾æ¥æ•°æ®åº“æˆåŠŸ[0m
[32m 2020-05-18 14:49:36,108 link_mysql.py[line:27)] INFO: é“¾æ¥æ•°æ®åº“æˆåŠŸ[0m
[32m 2020-05-18 14:50:34,660 link_mysql.py[line:27)] INFO: é“¾æ¥æ•°æ®åº“æˆåŠŸ[0m
[32m 2020-05-18 14:52:42,855 link_mysql.py[line:27)] INFO: é“¾æ¥æ•°æ®åº“æˆåŠŸ[0m
[32m 2020-05-18 14:52:42,858 link_mysql.py[line:59)] INFO: æˆåŠŸåˆ é™¤æ•°æ®[0m
[32m 2020-05-18 14:52:42,858 link_mysql.py[line:63)] INFO: å…³é—­æ•°æ®åº“[0m
[32m 2020-05-18 15:06:23,637 base.py[line:28)] INFO: é“¾æ¥æ•°æ®åº“æˆåŠŸ[0m
[32m 2020-05-18 15:06:23,639 dml_mysql.py[line:21)] INFO: æˆåŠŸæ’å…¥æ•°æ®[0m
[32m 2020-05-18 15:06:23,640 dml_mysql.py[line:25)] INFO: å…³é—­æ•°æ®åº“[0m
[32m 2020-05-18 15:34:04,305 base.py[line:28)] INFO: é“¾æ¥æ•°æ®åº“æˆåŠŸ[0m
[32m 2020-05-18 15:35:27,705 base.py[line:28)] INFO: é“¾æ¥æ•°æ®åº“æˆåŠŸ[0m
[32m 2020-05-18 15:36:25,732 base.py[line:28)] INFO: é“¾æ¥æ•°æ®åº“æˆåŠŸ[0m
[32m 2020-05-18 15:38:44,686 base.py[line:28)] INFO: é“¾æ¥æ•°æ®åº“æˆåŠŸ[0m
[32m 2020-05-18 15:39:08,221 base.py[line:28)] INFO: é“¾æ¥æ•°æ®åº“æˆåŠŸ[0m
[32m 2020-05-18 15:39:40,900 base.py[line:28)] INFO: é“¾æ¥æ•°æ®åº“æˆåŠŸ[0m
[32m 2020-05-18 15:40:38,415 base.py[line:28)] INFO: é“¾æ¥æ•°æ®åº“æˆåŠŸ[0m
[32m 2020-05-18 15:41:27,198 base.py[line:28)] INFO: é“¾æ¥æ•°æ®åº“æˆåŠŸ[0m
[32m 2020-05-18 15:41:27,211 dml_mysql.py[line:21)] INFO: æˆåŠŸæ’å…¥æ•°æ®[0m
[32m 2020-05-18 15:41:27,211 dml_mysql.py[line:25)] INFO: å…³é—­æ•°æ®åº“[0m
[32m 2020-05-18 15:41:53,600 base.py[line:28)] INFO: é“¾æ¥æ•°æ®åº“æˆåŠŸ[0m
[32m 2020-05-18 15:41:53,613 dml_mysql.py[line:21)] INFO: æˆåŠŸæ’å…¥æ•°æ®[0m
[32m 2020-05-18 15:41:53,615 dml_mysql.py[line:21)] INFO: æˆåŠŸæ’å…¥æ•°æ®[0m
[32m 2020-05-18 15:41:53,617 dml_mysql.py[line:21)] INFO: æˆåŠŸæ’å…¥æ•°æ®[0m
[32m 2020-05-18 15:41:53,619 dml_mysql.py[line:21)] INFO: æˆåŠŸæ’å…¥æ•°æ®[0m
[32m 2020-05-18 15:41:53,621 dml_mysql.py[line:21)] INFO: æˆåŠŸæ’å…¥æ•°æ®[0m
[32m 2020-05-18 15:41:53,622 dml_mysql.py[line:21)] INFO: æˆåŠŸæ’å…¥æ•°æ®[0m
[32m 2020-05-18 15:41:53,624 dml_mysql.py[line:21)] INFO: æˆåŠŸæ’å…¥æ•°æ®[0m
[32m 2020-05-18 15:41:53,625 dml_mysql.py[line:21)] INFO: æˆåŠŸæ’å…¥æ•°æ®[0m
[32m 2020-05-18 15:41:53,627 dml_mysql.py[line:21)] INFO: æˆåŠŸæ’å…¥æ•°æ®[0m
[32m 2020-05-18 15:41:53,629 dml_mysql.py[line:21)] INFO: æˆåŠŸæ’å…¥æ•°æ®[0m
[32m 2020-05-18 15:41:53,631 dml_mysql.py[line:21)] INFO: æˆåŠŸæ’å…¥æ•°æ®[0m
[32m 2020-05-18 15:41:53,633 dml_mysql.py[line:21)] INFO: æˆåŠŸæ’å…¥æ•°æ®[0m
[32m 2020-05-18 15:41:53,635 dml_mysql.py[line:21)] INFO: æˆåŠŸæ’å…¥æ•°æ®[0m
[32m 2020-05-18 15:41:53,637 dml_mysql.py[line:21)] INFO: æˆåŠŸæ’å…¥æ•°æ®[0m
[32m 2020-05-18 15:41:53,638 dml_mysql.py[line:21)] INFO: æˆåŠŸæ’å…¥æ•°æ®[0m
[32m 2020-05-18 15:41:53,640 dml_mysql.py[line:21)] INFO: æˆåŠŸæ’å…¥æ•°æ®[0m
[32m 2020-05-18 15:41:53,641 dml_mysql.py[line:21)] INFO: æˆåŠŸæ’å…¥æ•°æ®[0m
[32m 2020-05-18 15:41:53,643 dml_mysql.py[line:21)] INFO: æˆåŠŸæ’å…¥æ•°æ®[0m
[32m 2020-05-18 15:41:53,645 dml_mysql.py[line:21)] INFO: æˆåŠŸæ’å…¥æ•°æ®[0m
[32m 2020-05-18 15:41:53,646 dml_mysql.py[line:21)] INFO: æˆåŠŸæ’å…¥æ•°æ®[0m
[32m 2020-05-18 15:41:53,648 dml_mysql.py[line:21)] INFO: æˆåŠŸæ’å…¥æ•°æ®[0m
[32m 2020-05-18 15:41:53,649 dml_mysql.py[line:21)] INFO: æˆåŠŸæ’å…¥æ•°æ®[0m
[32m 2020-05-18 15:41:53,651 dml_mysql.py[line:21)] INFO: æˆåŠŸæ’å…¥æ•°æ®[0m
[32m 2020-05-18 15:41:53,652 dml_mysql.py[line:21)] INFO: æˆåŠŸæ’å…¥æ•°æ®[0m
[32m 2020-05-18 15:41:53,654 dml_mysql.py[line:21)] INFO: æˆåŠŸæ’å…¥æ•°æ®[0m
[32m 2020-05-18 15:41:53,656 dml_mysql.py[line:21)] INFO: æˆåŠŸæ’å…¥æ•°æ®[0m
[32m 2020-05-18 15:41:53,657 dml_mysql.py[line:21)] INFO: æˆåŠŸæ’å…¥æ•°æ®[0m
[32m 2020-05-18 15:41:53,659 dml_mysql.py[line:21)] INFO: æˆåŠŸæ’å…¥æ•°æ®[0m
[32m 2020-05-18 15:41:53,661 dml_mysql.py[line:21)] INFO: æˆåŠŸæ’å…¥æ•°æ®[0m
[32m 2020-05-18 15:41:53,662 dml_mysql.py[line:21)] INFO: æˆåŠŸæ’å…¥æ•°æ®[0m
[32m 2020-05-18 15:41:53,664 dml_mysql.py[line:21)] INFO: æˆåŠŸæ’å…¥æ•°æ®[0m
[32m 2020-05-18 15:41:53,665 dml_mysql.py[line:21)] INFO: æˆåŠŸæ’å…¥æ•°æ®[0m
[32m 2020-05-18 15:41:53,708 dml_mysql.py[line:21)] INFO: æˆåŠŸæ’å…¥æ•°æ®[0m
[32m 2020-05-18 15:41:53,710 dml_mysql.py[line:21)] INFO: æˆåŠŸæ’å…¥æ•°æ®[0m
[32m 2020-05-18 15:41:53,712 dml_mysql.py[line:21)] INFO: æˆåŠŸæ’å…¥æ•°æ®[0m
[32m 2020-05-18 15:41:53,714 dml_mysql.py[line:21)] INFO: æˆåŠŸæ’å…¥æ•°æ®[0m
[32m 2020-05-18 15:41:53,715 dml_mysql.py[line:21)] INFO: æˆåŠŸæ’å…¥æ•°æ®[0m
[32m 2020-05-18 15:41:53,717 dml_mysql.py[line:21)] INFO: æˆåŠŸæ’å…¥æ•°æ®[0m
[32m 2020-05-18 15:41:53,718 dml_mysql.py[line:21)] INFO: æˆåŠŸæ’å…¥æ•°æ®[0m
[32m 2020-05-18 15:41:53,720 dml_mysql.py[line:21)] INFO: æˆåŠŸæ’å…¥æ•°æ®[0m
[32m 2020-05-18 15:41:53,722 dml_mysql.py[line:21)] INFO: æˆåŠŸæ’å…¥æ•°æ®[0m
[32m 2020-05-18 15:41:53,724 dml_mysql.py[line:21)] INFO: æˆåŠŸæ’å…¥æ•°æ®[0m
[32m 2020-05-18 15:41:53,726 dml_mysql.py[line:21)] INFO: æˆåŠŸæ’å…¥æ•°æ®[0m
[32m 2020-05-18 15:41:53,727 dml_mysql.py[line:21)] INFO: æˆåŠŸæ’å…¥æ•°æ®[0m
[32m 2020-05-18 15:41:53,729 dml_mysql.py[line:21)] INFO: æˆåŠŸæ’å…¥æ•°æ®[0m
[32m 2020-05-18 15:41:53,730 dml_mysql.py[line:21)] INFO: æˆåŠŸæ’å…¥æ•°æ®[0m
[32m 2020-05-18 15:41:53,732 dml_mysql.py[line:21)] INFO: æˆåŠŸæ’å…¥æ•°æ®[0m
[32m 2020-05-18 15:41:53,733 dml_mysql.py[line:21)] INFO: æˆåŠŸæ’å…¥æ•°æ®[0m
[32m 2020-05-18 15:41:53,735 dml_mysql.py[line:21)] INFO: æˆåŠŸæ’å…¥æ•°æ®[0m
[32m 2020-05-18 15:41:53,737 dml_mysql.py[line:21)] INFO: æˆåŠŸæ’å…¥æ•°æ®[0m
[32m 2020-05-18 15:41:53,739 dml_mysql.py[line:21)] INFO: æˆåŠŸæ’å…¥æ•°æ®[0m
[32m 2020-05-18 15:41:53,741 dml_mysql.py[line:21)] INFO: æˆåŠŸæ’å…¥æ•°æ®[0m
[32m 2020-05-18 15:41:53,743 dml_mysql.py[line:21)] INFO: æˆåŠŸæ’å…¥æ•°æ®[0m
[32m 2020-05-18 15:41:53,746 dml_mysql.py[line:21)] INFO: æˆåŠŸæ’å…¥æ•°æ®[0m
[32m 2020-05-18 15:41:53,748 dml_mysql.py[line:21)] INFO: æˆåŠŸæ’å…¥æ•°æ®[0m
[32m 2020-05-18 15:41:53,749 dml_mysql.py[line:21)] INFO: æˆåŠŸæ’å…¥æ•°æ®[0m
[32m 2020-05-18 15:41:53,751 dml_mysql.py[line:21)] INFO: æˆåŠŸæ’å…¥æ•°æ®[0m
[32m 2020-05-18 15:41:53,752 dml_mysql.py[line:21)] INFO: æˆåŠŸæ’å…¥æ•°æ®[0m
[32m 2020-05-18 15:41:53,754 dml_mysql.py[line:21)] INFO: æˆåŠŸæ’å…¥æ•°æ®[0m
[32m 2020-05-18 15:41:53,755 dml_mysql.py[line:21)] INFO: æˆåŠŸæ’å…¥æ•°æ®[0m
[32m 2020-05-18 15:41:53,757 dml_mysql.py[line:21)] INFO: æˆåŠŸæ’å…¥æ•°æ®[0m
[32m 2020-05-18 15:41:53,758 dml_mysql.py[line:21)] INFO: æˆåŠŸæ’å…¥æ•°æ®[0m
[32m 2020-05-18 15:41:53,760 dml_mysql.py[line:21)] INFO: æˆåŠŸæ’å…¥æ•°æ®[0m
[32m 2020-05-18 15:41:53,761 dml_mysql.py[line:21)] INFO: æˆåŠŸæ’å…¥æ•°æ®[0m
[32m 2020-05-18 15:41:53,763 dml_mysql.py[line:21)] INFO: æˆåŠŸæ’å…¥æ•°æ®[0m
[32m 2020-05-18 15:41:53,764 dml_mysql.py[line:21)] INFO: æˆåŠŸæ’å…¥æ•°æ®[0m
[32m 2020-05-18 15:41:53,766 dml_mysql.py[line:21)] INFO: æˆåŠŸæ’å…¥æ•°æ®[0m
[32m 2020-05-18 15:41:53,767 dml_mysql.py[line:21)] INFO: æˆåŠŸæ’å…¥æ•°æ®[0m
[32m 2020-05-18 15:41:53,769 dml_mysql.py[line:21)] INFO: æˆåŠŸæ’å…¥æ•°æ®[0m
[32m 2020-05-18 15:41:53,770 dml_mysql.py[line:21)] INFO: æˆåŠŸæ’å…¥æ•°æ®[0m
[32m 2020-05-18 15:41:53,772 dml_mysql.py[line:21)] INFO: æˆåŠŸæ’å…¥æ•°æ®[0m
[32m 2020-05-18 15:41:53,773 dml_mysql.py[line:21)] INFO: æˆåŠŸæ’å…¥æ•°æ®[0m
[32m 2020-05-18 15:41:53,775 dml_mysql.py[line:21)] INFO: æˆåŠŸæ’å…¥æ•°æ®[0m
[32m 2020-05-18 15:41:53,776 dml_mysql.py[line:21)] INFO: æˆåŠŸæ’å…¥æ•°æ®[0m
[32m 2020-05-18 15:41:53,777 dml_mysql.py[line:21)] INFO: æˆåŠŸæ’å…¥æ•°æ®[0m
[32m 2020-05-18 15:41:53,779 dml_mysql.py[line:21)] INFO: æˆåŠŸæ’å…¥æ•°æ®[0m
[32m 2020-05-18 15:41:53,780 dml_mysql.py[line:21)] INFO: æˆåŠŸæ’å…¥æ•°æ®[0m
[32m 2020-05-18 15:41:53,782 dml_mysql.py[line:21)] INFO: æˆåŠŸæ’å…¥æ•°æ®[0m
[32m 2020-05-18 15:41:53,783 dml_mysql.py[line:21)] INFO: æˆåŠŸæ’å…¥æ•°æ®[0m
[32m 2020-05-18 15:41:53,784 dml_mysql.py[line:21)] INFO: æˆåŠŸæ’å…¥æ•°æ®[0m
[32m 2020-05-18 15:41:53,786 dml_mysql.py[line:21)] INFO: æˆåŠŸæ’å…¥æ•°æ®[0m
[32m 2020-05-18 15:41:53,787 dml_mysql.py[line:21)] INFO: æˆåŠŸæ’å…¥æ•°æ®[0m
[32m 2020-05-18 15:41:53,789 dml_mysql.py[line:21)] INFO: æˆåŠŸæ’å…¥æ•°æ®[0m
[32m 2020-05-18 15:41:53,790 dml_mysql.py[line:21)] INFO: æˆåŠŸæ’å…¥æ•°æ®[0m
[32m 2020-05-18 15:41:53,792 dml_mysql.py[line:21)] INFO: æˆåŠŸæ’å…¥æ•°æ®[0m
[32m 2020-05-18 15:41:53,793 dml_mysql.py[line:21)] INFO: æˆåŠŸæ’å…¥æ•°æ®[0m
[32m 2020-05-18 15:41:53,795 dml_mysql.py[line:21)] INFO: æˆåŠŸæ’å…¥æ•°æ®[0m
[32m 2020-05-18 15:41:53,796 dml_mysql.py[line:21)] INFO: æˆåŠŸæ’å…¥æ•°æ®[0m
[32m 2020-05-18 15:41:53,798 dml_mysql.py[line:21)] INFO: æˆåŠŸæ’å…¥æ•°æ®[0m
[32m 2020-05-18 15:41:53,799 dml_mysql.py[line:21)] INFO: æˆåŠŸæ’å…¥æ•°æ®[0m
[32m 2020-05-18 15:41:53,800 dml_mysql.py[line:21)] INFO: æˆåŠŸæ’å…¥æ•°æ®[0m
[32m 2020-05-18 15:41:53,802 dml_mysql.py[line:21)] INFO: æˆåŠŸæ’å…¥æ•°æ®[0m
[32m 2020-05-18 15:41:53,803 dml_mysql.py[line:21)] INFO: æˆåŠŸæ’å…¥æ•°æ®[0m
[32m 2020-05-18 15:41:53,805 dml_mysql.py[line:21)] INFO: æˆåŠŸæ’å…¥æ•°æ®[0m
[32m 2020-05-18 15:41:53,806 dml_mysql.py[line:21)] INFO: æˆåŠŸæ’å…¥æ•°æ®[0m
[32m 2020-05-18 15:41:53,808 dml_mysql.py[line:21)] INFO: æˆåŠŸæ’å…¥æ•°æ®[0m
[32m 2020-05-18 15:41:53,809 dml_mysql.py[line:21)] INFO: æˆåŠŸæ’å…¥æ•°æ®[0m
[32m 2020-05-18 15:41:53,811 dml_mysql.py[line:21)] INFO: æˆåŠŸæ’å…¥æ•°æ®[0m
[32m 2020-05-18 15:41:53,812 dml_mysql.py[line:21)] INFO: æˆåŠŸæ’å…¥æ•°æ®[0m
[32m 2020-05-18 15:41:53,814 dml_mysql.py[line:21)] INFO: æˆåŠŸæ’å…¥æ•°æ®[0m
[32m 2020-05-18 15:41:53,815 dml_mysql.py[line:21)] INFO: æˆåŠŸæ’å…¥æ•°æ®[0m
[32m 2020-05-18 15:41:53,817 dml_mysql.py[line:21)] INFO: æˆåŠŸæ’å…¥æ•°æ®[0m
[32m 2020-05-18 15:41:53,818 dml_mysql.py[line:21)] INFO: æˆåŠŸæ’å…¥æ•°æ®[0m
[32m 2020-05-18 15:41:53,820 dml_mysql.py[line:21)] INFO: æˆåŠŸæ’å…¥æ•°æ®[0m
[32m 2020-05-18 15:41:53,821 dml_mysql.py[line:21)] INFO: æˆåŠŸæ’å…¥æ•°æ®[0m
[32m 2020-05-18 15:41:53,823 dml_mysql.py[line:21)] INFO: æˆåŠŸæ’å…¥æ•°æ®[0m
[32m 2020-05-18 15:41:53,824 dml_mysql.py[line:21)] INFO: æˆåŠŸæ’å…¥æ•°æ®[0m
[32m 2020-05-18 15:41:53,826 dml_mysql.py[line:21)] INFO: æˆåŠŸæ’å…¥æ•°æ®[0m
[32m 2020-05-18 15:41:53,828 dml_mysql.py[line:21)] INFO: æˆåŠŸæ’å…¥æ•°æ®[0m
[32m 2020-05-18 15:41:53,829 dml_mysql.py[line:21)] INFO: æˆåŠŸæ’å…¥æ•°æ®[0m
[32m 2020-05-18 15:41:53,831 dml_mysql.py[line:21)] INFO: æˆåŠŸæ’å…¥æ•°æ®[0m
[32m 2020-05-18 15:41:53,832 dml_mysql.py[line:21)] INFO: æˆåŠŸæ’å…¥æ•°æ®[0m
[32m 2020-05-18 15:41:53,834 dml_mysql.py[line:21)] INFO: æˆåŠŸæ’å…¥æ•°æ®[0m
[32m 2020-05-18 15:41:53,835 dml_mysql.py[line:21)] INFO: æˆåŠŸæ’å…¥æ•°æ®[0m
[32m 2020-05-18 15:41:53,837 dml_mysql.py[line:21)] INFO: æˆåŠŸæ’å…¥æ•°æ®[0m
[32m 2020-05-18 15:41:53,838 dml_mysql.py[line:21)] INFO: æˆåŠŸæ’å…¥æ•°æ®[0m
[32m 2020-05-18 15:41:53,839 dml_mysql.py[line:21)] INFO: æˆåŠŸæ’å…¥æ•°æ®[0m
[32m 2020-05-18 15:41:53,841 dml_mysql.py[line:21)] INFO: æˆåŠŸæ’å…¥æ•°æ®[0m
[32m 2020-05-18 15:41:53,843 dml_mysql.py[line:21)] INFO: æˆåŠŸæ’å…¥æ•°æ®[0m
[32m 2020-05-18 15:41:53,844 dml_mysql.py[line:21)] INFO: æˆåŠŸæ’å…¥æ•°æ®[0m
[32m 2020-05-18 15:41:53,846 dml_mysql.py[line:21)] INFO: æˆåŠŸæ’å…¥æ•°æ®[0m
[32m 2020-05-18 15:41:53,847 dml_mysql.py[line:21)] INFO: æˆåŠŸæ’å…¥æ•°æ®[0m
[32m 2020-05-18 15:41:53,849 dml_mysql.py[line:21)] INFO: æˆåŠŸæ’å…¥æ•°æ®[0m
[32m 2020-05-18 15:41:53,850 dml_mysql.py[line:21)] INFO: æˆåŠŸæ’å…¥æ•°æ®[0m
[32m 2020-05-18 15:41:53,852 dml_mysql.py[line:21)] INFO: æˆåŠŸæ’å…¥æ•°æ®[0m
[32m 2020-05-18 15:41:53,853 dml_mysql.py[line:21)] INFO: æˆåŠŸæ’å…¥æ•°æ®[0m
[32m 2020-05-18 15:41:53,853 dml_mysql.py[line:21)] INFO: æˆåŠŸæ’å…¥æ•°æ®[0m
[32m 2020-05-18 15:41:53,855 dml_mysql.py[line:21)] INFO: æˆåŠŸæ’å…¥æ•°æ®[0m
[32m 2020-05-18 15:41:53,857 dml_mysql.py[line:21)] INFO: æˆåŠŸæ’å…¥æ•°æ®[0m
[32m 2020-05-18 15:41:53,860 dml_mysql.py[line:21)] INFO: æˆåŠŸæ’å…¥æ•°æ®[0m
[32m 2020-05-18 15:41:53,862 dml_mysql.py[line:21)] INFO: æˆåŠŸæ’å…¥æ•°æ®[0m
[32m 2020-05-18 15:41:53,864 dml_mysql.py[line:21)] INFO: æˆåŠŸæ’å…¥æ•°æ®[0m
[32m 2020-05-18 15:41:53,866 dml_mysql.py[line:21)] INFO: æˆåŠŸæ’å…¥æ•°æ®[0m
[32m 2020-05-18 15:41:53,867 dml_mysql.py[line:21)] INFO: æˆåŠŸæ’å…¥æ•°æ®[0m
[32m 2020-05-18 15:41:53,869 dml_mysql.py[line:21)] INFO: æˆåŠŸæ’å…¥æ•°æ®[0m
[32m 2020-05-18 15:41:53,870 dml_mysql.py[line:21)] INFO: æˆåŠŸæ’å…¥æ•°æ®[0m
[32m 2020-05-18 15:41:53,872 dml_mysql.py[line:21)] INFO: æˆåŠŸæ’å…¥æ•°æ®[0m
[32m 2020-05-18 15:41:53,873 dml_mysql.py[line:21)] INFO: æˆåŠŸæ’å…¥æ•°æ®[0m
[32m 2020-05-18 15:41:53,875 dml_mysql.py[line:21)] INFO: æˆåŠŸæ’å…¥æ•°æ®[0m
[32m 2020-05-18 15:41:53,876 dml_mysql.py[line:21)] INFO: æˆåŠŸæ’å…¥æ•°æ®[0m
[32m 2020-05-18 15:41:53,878 dml_mysql.py[line:21)] INFO: æˆåŠŸæ’å…¥æ•°æ®[0m
[32m 2020-05-18 15:41:53,879 dml_mysql.py[line:21)] INFO: æˆåŠŸæ’å…¥æ•°æ®[0m
[32m 2020-05-18 15:41:53,881 dml_mysql.py[line:21)] INFO: æˆåŠŸæ’å…¥æ•°æ®[0m
[32m 2020-05-18 15:41:53,882 dml_mysql.py[line:21)] INFO: æˆåŠŸæ’å…¥æ•°æ®[0m
[32m 2020-05-18 15:41:53,884 dml_mysql.py[line:21)] INFO: æˆåŠŸæ’å…¥æ•°æ®[0m
[32m 2020-05-18 15:41:53,885 dml_mysql.py[line:21)] INFO: æˆåŠŸæ’å…¥æ•°æ®[0m
[32m 2020-05-18 15:41:53,887 dml_mysql.py[line:21)] INFO: æˆåŠŸæ’å…¥æ•°æ®[0m
[32m 2020-05-18 15:41:53,888 dml_mysql.py[line:21)] INFO: æˆåŠŸæ’å…¥æ•°æ®[0m
[32m 2020-05-18 15:41:53,890 dml_mysql.py[line:21)] INFO: æˆåŠŸæ’å…¥æ•°æ®[0m
[32m 2020-05-18 15:41:53,892 dml_mysql.py[line:21)] INFO: æˆåŠŸæ’å…¥æ•°æ®[0m
[32m 2020-05-18 15:41:53,893 dml_mysql.py[line:21)] INFO: æˆåŠŸæ’å…¥æ•°æ®[0m
[32m 2020-05-18 15:41:53,895 dml_mysql.py[line:21)] INFO: æˆåŠŸæ’å…¥æ•°æ®[0m
[32m 2020-05-18 15:41:53,896 dml_mysql.py[line:21)] INFO: æˆåŠŸæ’å…¥æ•°æ®[0m
[32m 2020-05-18 15:43:52,529 base.py[line:28)] INFO: é“¾æ¥æ•°æ®åº“æˆåŠŸ[0m
[32m 2020-05-18 15:43:52,786 main.py[line:24)] INFO: æˆåŠŸæ’å…¥153æ¡æ•°æ®[0m
[32m 2020-05-18 15:43:52,786 main.py[line:27)] INFO: å…³é—­æ•°æ®åº“[0m
[32m 2020-05-18 15:45:53,174 base.py[line:28)] INFO: é“¾æ¥æ•°æ®åº“æˆåŠŸ[0m
[32m 2020-05-18 15:45:53,178 dml_mysql.py[line:30)] INFO: æˆåŠŸåˆ é™¤æ•°æ®[0m
[32m 2020-05-18 15:45:53,397 main.py[line:26)] INFO: æˆåŠŸæ’å…¥153æ¡æ•°æ®[0m
[32m 2020-05-18 15:45:53,397 main.py[line:29)] INFO: å…³é—­æ•°æ®åº“[0m
[32m 2020-05-18 15:50:54,432 base.py[line:28)] INFO: é“¾æ¥æ•°æ®åº“æˆåŠŸ[0m
[32m 2020-05-18 15:52:35,071 base.py[line:28)] INFO: é“¾æ¥æ•°æ®åº“æˆåŠŸ[0m
[32m 2020-05-18 15:53:47,039 base.py[line:28)] INFO: é“¾æ¥æ•°æ®åº“æˆåŠŸ[0m
[32m 2020-05-18 15:54:42,629 base.py[line:28)] INFO: é“¾æ¥æ•°æ®åº“æˆåŠŸ[0m
[32m 2020-05-18 15:55:06,403 base.py[line:28)] INFO: é“¾æ¥æ•°æ®åº“æˆåŠŸ[0m
[32m 2020-05-18 15:55:53,826 base.py[line:28)] INFO: é“¾æ¥æ•°æ®åº“æˆåŠŸ[0m
[32m 2020-05-18 15:55:53,830 dml_mysql.py[line:33)] INFO: æˆåŠŸåˆ é™¤æ•°æ®[0m
[32m 2020-05-18 15:55:54,065 main.py[line:26)] INFO: æˆåŠŸæ’å…¥153æ¡æ•°æ®[0m
[32m 2020-05-18 15:55:54,065 main.py[line:29)] INFO: å…³é—­æ•°æ®åº“[0m
